Log started at 02.02.2022	19:06:56
Number of used processors (NPROC): 8.
Number of mesh partitions (NPART): 8.
Total Physical Memory = 15.89 Gb, Available Physical Memory = 7.28 Gb
Computer name:	DESKTOP-9BAP4BE
Operating system:	Windows 10 (or higher) (Version 10.0.19042)

SOLIDWORKS 2021 SP3.0
Flow Simulation 2021  x64 / 5251 / MESHER ver.  

Project: C:\Users\zarec\Documents\HaggisAero2021-22\CAD\Fuselage\1\1.xmlconfig
Configuration name: Default
Project name: fuselage flow analysis
Problem type: external-type
NGK: OFF
MBO: OFF
-----------------------------------------------------------------------
Mesher option run = eRunMesherNormal
-----------------------------------------------------------------------

Mesh generation started:	2.2.2022	19:6:56
Mesher adjust APD = OFF; AdjustAPD_method=0; N_per_Channel = 0; N2_per_Channel = 0
Current CPU = 0 sec
-----------------------------------------------------------------------
Geometries initialization:
-----------------------------------------------------------------------
Loading mesh settings (global/local)...
-----------------------------------------------------------------------
Number of geometries from DB: 1
Geometry(0):
	Guid = {00000000-0000-0000-0000-000000000000}
	Fluid..
	1 Body.
	1 Real body.
	-- Bodyset 0 --
		Tolerance=8.57265e-05.
		44 Face(s).
			44 of b-spline type.
		0 Face(s) that have no ref faces
		5 Plane surface(s).
		21 B- surface(s).
		8 Blending surface(s).
		10 Extrude surface(s).
		28158 Triangle(s).
		Getting triangle connectivities from DB: 0.004 s
		102 Edge(s).
			102 of b-spline type.
		BodyGeom reading: 0.026 s.
		44 Reference Face(s).
		28158 Reference Triangles.
		Getting triangle connectivities from DB (Ref): 0.004 s
		BodyGeom Ref reading: 0.008 s.
		Getting triangle connectivities from DB (Extra Triangulation): 0.004 s
Geometry(1):
	Solid.
	-- Bodyset 1 --
	Empty
-----------------------------------------------------------------------
Number of geometries in task: 2
Number of bodysets   in task: 2
-----------------------------------------------------------------------
	Making hash and connectivity for Bodyset ...
		CBodyGeom:
		Hash size: {55, 32, 32}.
		Mesh size: {55, 32, 32}.
		Hashing triangles...Ok.
			axis(0) tr sizes: average=71 max=654
			axis(1) tr sizes: average=49 max=601
			axis(2) tr sizes: average=53 max=790
		Number of t-connected sets:1
			(0) size=28158
		Done.
		CBodyGeomRef:
		Hashing triangles...Ok.
			axis(0) tr sizes: average=68 max=645
			axis(1) tr sizes: average=47 max=595
			axis(2) tr sizes: average=51 max=786
		Done.
	0.0476 s.
Hash BodySets boxes over base mesh...OK (0.009 s)
Geometries reading and preparing has taken 0.105 s.

Mapped triangles:
Hashing geometries triangles
	Triangles num=28158
	Triangles box={-0.39428  ,0.399889  ,-0.0725  ,0.130764  ,-0.085  ,0.085  }
		3d-hash size is 397348 bytes
Hashing peculiar surfaces triangles
Mapped triangles processed in 0.027 s.
-----------------------------------------------------------------------
Getting sectors:
Number of sectors: 0
-----------------------------------------------------------------------
-----------------------------------------------------------------------

Current CPU = 0 sec
-----------------------------------------------------------------------
Checking faces on CD...
FCD = [0 0 0 0 0 0]
FCD_conflicts = 0
Time (check faces on CD)=0.000 s
-----------------------------------------------------------------------

-----------------------------------------------------------------------
Mesh dimensions:
				I[0 ]=55
				I[1 ]=32
				I[2 ]=32

Comp. domain size:
				a[0  ]=-1.04686
				a[1  ]=1.48747
				a[2  ]=-0.739927
				a[3  ]=0.803572
				a[4  ]=-0.764737
				a[5  ]=0.757874

Fluid calculated			1
Solid calculated			0
-----------------------------------------------------------------------
MESH Build started...
-----------------------------------------------------------------------
Mesh LEVEL = 1
-----------------------------------------------------------------------
-----------------------------------------------------------------------
CPT-mode xeps:
	D / dh / eps [axis=0] = (2.53433, 0.0195658, 1.95658e-05)
	D / dh / eps [axis=1] = (1.5435, 0.0184463, 1.84463e-05)
	D / dh / eps [axis=2] = (1.52261, 0.0177637, 1.77637e-05)
-----------------------------------------------------------------------
Setting regions...OK (0.001 s)
-----------------------------------------------------------------------
Base mesh info:
	3D task
	Nx=55
	Ny=32
	Nz=32
	N(Nx*Ny*Nz) = 1760
	Period    axis=[0, 0, 0]
	Symmetry  ni=[0 0 0 0 0 0]
	ZoomingBC ni=[0 0 0 0 0 0]
	Nx=55
		x[0]=-1.04686
		x[1]=-0.982584
		x[2]=-0.921162
		x[3]=-0.862448
		x[4]=-0.806322
		x[5]=-0.75267
		x[6]=-0.701384
		x[7]=-0.652358
		x[8]=-0.605493
		x[9]=-0.560694
		x[10]=-0.51787
		x[11]=-0.476934
		x[12]=-0.437802
		x[13]=-0.397747
		x[14]=-0.357692
		x[15]=-0.317637
		x[16]=-0.277583
		x[17]=-0.237528
		x[18]=-0.197473
		x[19]=-0.157418
		x[20]=-0.117363
		x[21]=-0.0773083
		x[22]=-0.0372535
		x[23]=0.00280141
		x[24]=0.0444085
		x[25]=0.0860151
		x[26]=0.127622
		x[27]=0.169228
		x[28]=0.210835
		x[29]=0.252442
		x[30]=0.294048
		x[31]=0.335655
		x[32]=0.377261
		x[33]=0.418868
		x[34]=0.460475
		x[35]=0.502081
		x[36]=0.543688
		x[37]=0.585294
		x[38]=0.626901
		x[39]=0.668508
		x[40]=0.710114
		x[41]=0.751721
		x[42]=0.793327
		x[43]=0.834934
		x[44]=0.876187
		x[45]=0.91946
		x[46]=0.964849
		x[47]=1.01246
		x[48]=1.0624
		x[49]=1.11478
		x[50]=1.16972
		x[51]=1.22736
		x[52]=1.28781
		x[53]=1.35122
		x[54]=1.41773
		x[55]=1.48747
	Ny=32
		y[0]=-0.739927
		y[1]=-0.67339
		y[2]=-0.610061
		y[3]=-0.549768
		y[4]=-0.492365
		y[5]=-0.437714
		y[6]=-0.385682
		y[7]=-0.336144
		y[8]=-0.288981
		y[9]=-0.244078
		y[10]=-0.201328
		y[11]=-0.160627
		y[12]=-0.121877
		y[13]=-0.0849848
		y[14]=-0.0460451
		y[15]=-0.00710596
		y[16]=0.0318332
		y[17]=0.0707723
		y[18]=0.109711
		y[19]=0.148651
		y[20]=0.185546
		y[21]=0.224299
		y[22]=0.265003
		y[23]=0.307756
		y[24]=0.352661
		y[25]=0.399827
		y[26]=0.449366
		y[27]=0.501399
		y[28]=0.556051
		y[29]=0.613455
		y[30]=0.673747
		y[31]=0.737075
		y[32]=0.803572
	Nz=32
		z[0]=-0.764737
		z[1]=-0.698029
		z[2]=-0.634569
		z[3]=-0.574184
		z[4]=-0.516726
		z[5]=-0.462052
		z[6]=-0.410028
		z[7]=-0.360525
		z[8]=-0.31342
		z[9]=-0.268599
		z[10]=-0.225949
		z[11]=-0.185366
		z[12]=-0.14675
		z[13]=-0.110005
		z[14]=-0.0744782
		z[15]=-0.0389506
		z[16]=-0.00342298
		z[17]=0.0321046
		z[18]=0.0676322
		z[19]=0.10316
		z[20]=0.139902
		z[21]=0.178516
		z[22]=0.219097
		z[23]=0.261745
		z[24]=0.306566
		z[25]=0.35367
		z[26]=0.403174
		z[27]=0.4552
		z[28]=0.509876
		z[29]=0.567338
		z[30]=0.627726
		z[31]=0.691192
		z[32]=0.757874
-----------------------------------------------------------------------
Input_mesh_settings--------------------------------
Settings 0----------------
	Scope: GLOBAL
	Type:	------MESHER_SETTINGS----------
	RefAllCells           =0
	RefFluidCells         =0
	RefPartCells          =0
	RefSolidCells         =0
	l_SSFR(Capture crit)  =1
	l_curv(Curvature crit)=0
	l_tol(Tolerance crit) =0
	UseChannelRef         =1
	  NCR_method          =0
	  l_NCR               =1
	  N_gap               =5
	  Use d_NCR_min       =0
	  Use d_NCR_max       =0
	IgnoreThinChannelsHeight         =0
	--END_OF_MESHER_SETTINGS-------
End of input mesh settings-------------------------
NxNyNz = [55, 32, 32]
base_dx=0.0472982; 
NxNyNz_reverse = [54, 33, 32]

-----------------------------------------------------------------------
Refining geometries:
-----------------------------------------------------------------------

-----------------------------------------------------------------------
Refining by triangulation...
Refinement input: 56320 bricks
Setting regions...OK (0.000 s)
Refinement result: 56362 bricks (0.042 s)
Refinement input: 56362 bricks
Refinement result: 56362 bricks (0.002 s)
Collecting and processing rays...OK (3.147 s)
Capturing...OK (0.004 s)
Refining by triangulation takes 3.195 s
-----------------------------------------------------------------------

-----------------------------------------------------------------------
Refining peculiar surfaces...
0 surfaces refined
Refining peculiar surfaces takes 0 s
-----------------------------------------------------------------------
Collecting and processing rays...OK (0.001 s)
Capturing...OK (0.000 s)

-----------------------------------------------------------------------
Base mesh 1 Refining...
Collecting and processing rays...OK (0.000 s)
Capturing...OK (0.000 s)
Refinement input: 56362 bricks
Refinement result: 56362 bricks (0.001 s)
-----------------------------------------------------------------------
Refining channels...
FYI: CNarrowChannelRefiner::RefineChannels_PRLL
Refinement input: 56362 bricks
Setting regions...OK (0.000 s)
Refinement result: 56369 bricks (0.005 s)
Collecting and processing rays...OK (0.001 s)
Capturing...OK (0.000 s)
FYI: m_iteration_count = 0
FYI: level1 statistics:
     level1_cnt_plus[1]=8;		level1_cnt_minus[1]=0
     level1_cnt_plus[2]=0;		level1_cnt_minus[2]=0
     level1_cnt_plus[3]=0;		level1_cnt_minus[3]=0
     level1_cnt_plus[4]=0;		level1_cnt_minus[4]=0
     level1_cnt_plus[5]=0;		level1_cnt_minus[5]=0
     level1_cnt_plus[6]=0;		level1_cnt_minus[6]=0
     level1_cnt_plus[7]=0;		level1_cnt_minus[7]=0
     level1_cnt_plus[8]=0;		level1_cnt_minus[8]=0
     level1_cnt_plus[9]=0;		level1_cnt_minus[9]=0
FYI: m_iteration_count = 1
FYI: level1 statistics:
     level1_cnt_plus[1]=8;		level1_cnt_minus[1]=0
     level1_cnt_plus[2]=0;		level1_cnt_minus[2]=0
     level1_cnt_plus[3]=0;		level1_cnt_minus[3]=0
     level1_cnt_plus[4]=0;		level1_cnt_minus[4]=0
     level1_cnt_plus[5]=0;		level1_cnt_minus[5]=0
     level1_cnt_plus[6]=0;		level1_cnt_minus[6]=0
     level1_cnt_plus[7]=0;		level1_cnt_minus[7]=0
     level1_cnt_plus[8]=0;		level1_cnt_minus[8]=0
     level1_cnt_plus[9]=0;		level1_cnt_minus[9]=0
FYI: level1 statistics:
     level1_cnt_plus[1]=8;		level1_cnt_minus[1]=0
     level1_cnt_plus[2]=0;		level1_cnt_minus[2]=0
     level1_cnt_plus[3]=0;		level1_cnt_minus[3]=0
     level1_cnt_plus[4]=0;		level1_cnt_minus[4]=0
     level1_cnt_plus[5]=0;		level1_cnt_minus[5]=0
     level1_cnt_plus[6]=0;		level1_cnt_minus[6]=0
     level1_cnt_plus[7]=0;		level1_cnt_minus[7]=0
     level1_cnt_plus[8]=0;		level1_cnt_minus[8]=0
     level1_cnt_plus[9]=0;		level1_cnt_minus[9]=0

-----------------------------------------------------------------------
U-shapes refinement...
Refinement input: 56369 bricks
Refinement result: 56369 bricks (0.006 s)
Collecting and processing rays...OK (0.001 s)
Capturing...OK (0.000 s)
-----------------------------------------------------------------------

-----------------------------------------------------------------------
Equi Distant Refiner:
Equi Distant Refiner takes 0.00 s
-----------------------------------------------------------------------

/-Ray Intersection---------------/ Time	4.772 s
Calls			4868
CorrectRay Calls	0



-----------------------------------------------------------------------
Refining geometries takes 3.248 s
-----------------------------------------------------------------------
Defect ray count	0
FYI: CNarrowChannelRefiner::RedistributeLevel1_step_1: is finished
FYI: level1 statistics:
     level1_cnt_plus[1]=8;		level1_cnt_minus[1]=0
     level1_cnt_plus[2]=0;		level1_cnt_minus[2]=0
     level1_cnt_plus[3]=0;		level1_cnt_minus[3]=0
     level1_cnt_plus[4]=0;		level1_cnt_minus[4]=0
     level1_cnt_plus[5]=0;		level1_cnt_minus[5]=0
     level1_cnt_plus[6]=0;		level1_cnt_minus[6]=0
     level1_cnt_plus[7]=0;		level1_cnt_minus[7]=0
     level1_cnt_plus[8]=0;		level1_cnt_minus[8]=0
     level1_cnt_plus[9]=0;		level1_cnt_minus[9]=0
FYI: CNarrowChannelRefiner::RedistributeLevel1_step_2: is started
FYI: CNarrowChannelRefiner::RedistributeLevel1_step_2: is finished
FYI: level1 statistics:
     level1_cnt_plus[1]=8;		level1_cnt_minus[1]=0
     level1_cnt_plus[2]=0;		level1_cnt_minus[2]=0
     level1_cnt_plus[3]=0;		level1_cnt_minus[3]=0
     level1_cnt_plus[4]=0;		level1_cnt_minus[4]=0
     level1_cnt_plus[5]=0;		level1_cnt_minus[5]=0
     level1_cnt_plus[6]=0;		level1_cnt_minus[6]=0
     level1_cnt_plus[7]=0;		level1_cnt_minus[7]=0
     level1_cnt_plus[8]=0;		level1_cnt_minus[8]=0
     level1_cnt_plus[9]=0;		level1_cnt_minus[9]=0
FYI: CNarrowChannelRefiner::RedistributeLevel1_step_3: is started
FYI: CNarrowChannelRefiner::RedistributeLevel1_step_3: is finished
RedistributeLevel1 takes:
FYI: level1 statistics:
     level1_cnt_plus[1]=8;		level1_cnt_minus[1]=8
     level1_cnt_plus[2]=0;		level1_cnt_minus[2]=0
     level1_cnt_plus[3]=0;		level1_cnt_minus[3]=0
     level1_cnt_plus[4]=0;		level1_cnt_minus[4]=0
     level1_cnt_plus[5]=0;		level1_cnt_minus[5]=0
     level1_cnt_plus[6]=0;		level1_cnt_minus[6]=0
     level1_cnt_plus[7]=0;		level1_cnt_minus[7]=0
     level1_cnt_plus[8]=0;		level1_cnt_minus[8]=0
     level1_cnt_plus[9]=0;		level1_cnt_minus[9]=0
-----------------------------------------------------------------------
MSH format builder (Iteration 0)
-----------------------------------------------------------------------
Memory Working Set Current = 184.58 Mb, Memory Working Set Peak = 253.86 Mb
Process Threads Number: 11
-----------------------------------------------------------------------
Total bricks count: 56369
-----------------------------------------------------------------------
MSH (Real Geometry) format constructor:
	Geom    Count = 2
	Bodyset Count = 2
	3D task
	Getting brick sets...OK (0.002 s)

	Min x-stack xeps = 0.0224655
	D / dh / eps [axis=0] = (2.53433, 0.0200274, 2.00274e-05)
	D / dh / eps [axis=1] = (1.5435, 0.0194696, 1.94696e-05)
	D / dh / eps [axis=2] = (1.52261, 0.0177637, 1.77637e-05)
	Time (xeps): 0.001 s
Level 1
	Set (0)  size: 28
	Set (0)  time: 0.084 s
	Set (1)  size: 28
	Set (1)  time: 0.080 s
Level 0
	Set (0)  size: 28157
	Set (0)  time: 0.135 s
	Set (1)  size: 28156
	Set (1)  time: 0.062 s
Result:
	Bricks number:                        56369

	Memory usage:                         0.721 MB
	Memory usage (per brick):             0.013 KB
	Construction time:                    0.364 s

	Topology features:
	------------------
	- High quality bricks                  100.00 % (56369)
	- Medium quality bricks                  0.00 % (0)
	- Bad quality bricks                     0.00 % (0)
	- Type-1 bricks                          0.70 % (395)
	- Ribs corrected bricks                  0.00 % (0)
	- Points with geom-info (bricks)         0.00 % (0)
	- Points with closest-info (bricks)      0.01 % (4)
	- Triangulated by center (bricks)        0.00 % (0)
	- Facet w-faces mergings (bricks)        0.00 % (0)
	- To refine (bricks)                     0.00 % (0)
	- Points-count                           0.00 % (0)
	- T-self-intersection-all (bricks)       0.00 % (0)
	- T-self-intersection-simple (bricks)    0.00 % (0)
	- T-self-intersection-complex (bricks)   0.00 % (0)

-----------------------------------------------------------------------
Memory Working Set Current = 189.45 Mb, Memory Working Set Peak = 253.86 Mb
Process Threads Number: 11
-----------------------------------------------------------------------
-----------------------------------------------------------------------
msh-iterations: 1
-----------------------------------------------------------------------
high---q-brick-count = 100.00 % (56369 56369)
medium-q-brick-count =   0.00 % (56369 0)
bad----q-brick-count =   0.00 % (56369 0)
-----------------------------------------------------------------------
Free brick parser storage...OK(0.001 s)
-----------------------------------------------------------------------
Memory Working Set Current = 189.49 Mb, Memory Working Set Peak = 253.86 Mb
Process Threads Number: 11
-----------------------------------------------------------------------
-----------------------------------------------------------------------
MSH --> BCF format (Iteration 0)...
BCF collector...(remove mode=0)
	Time (alloc counter per brick): 0.001 s
	Brick    count: 56369
	Av.f all count: 56160
	Av.s all count: 604
	Av.f pid count: 395
	Av.s pid count: 395
	Faces fs count: 1234
	Faces ff count: 0
	Faces ss count: 0
	Faces bb count: 0
	Faces fe count: 9088
	Faces se count: 0
	Faces fw count: 10322
	Faces af count: 163845
	Faces as count: 1575
	Time (all count): 	0.005 s
	Time (bcf alloc): 	0.001 s
	Time (shifts alloc): 	0.002 s
	Time (shifts init): 	0.002 s
	Time (bcf fill): 	0.006 s
	Time (add av to faces): 0.000 s
	Time (add faces to av): 0.004 s
Time (bcf collect): 		0.023 s
	AV checker...
	Time (check av): 	0.017 s
	Subdomain checker...
		Subdomains construction time: 0.011 s.
		Subdomains sort time: 0.000 s.
			Subdomain 0 (geom_ind=0): 56160 av
			Subdomain 1 (geom_ind=1): 604 av
		gi: 0, subdomains: 1, real bodies: 1
		gi: 1, subdomains: 1, real bodies: 0
		Defect subdomains: 0
	Time (check subdoms): 	0.012 s
Time (bcf iteration total): 	0.053 s
	Time (fw-nb): 		0.001 s
	Fixed mutual fw-nb:     1375 (bb: 0)
	Time (fw-nb mutual): 	0.001 s
	Time (fw-nb sort): 	0.000 s
	Fw-opt BEFORE total:    10322 (fs=1234, ff=0, ss=0)
	Fw-opt AFTER  total:    9843 (fs=755, ff=0, ss=0, failed fw/br=0/0, big_curv=0, big_poly=0)
	Fw-opt RESULT:          479 (res/(fs+ff+ss) = 38.82 %)
	Time (fw-opt): 		0.001 s
	Time (fw-re-order): 	0.001 s
	Time (fw-nb): 		0.003 s
	Fixed mutual fw-nb:     19711 (bb: 0)
	Time (fw-nb mutual): 	0.001 s
	Time (fw-nb sort): 	0.000 s
	Time (rfd fix): 	0.000 s
	Time (av convexity): 	0.001 s
	Time (av small volume): 0.000 s
	Time (diagonal fw-nb): 	0.010 s
	Fixed mutual fw-nb:     0 (bb: 0)
	Time (fw-nb mutual): 	0.001 s
	Time (fw-nb sort): 	0.000 s
	Fluid subdomains: 1
	Faces fw-nb diff sd:    0
	Time (fw-nb diff sd): 	0.011 s
Time (bcf calc): 		0.035 s
-----------------------------------------------------------------------
Time (bcf total): 		0.088 s
-----------------------------------------------------------------------
-----------------------------------------------------------------------
Mega-cv constructor for fluid...
	 0 av's is treated as thin
Relative size generator (threshold = 0.05)...
	Iteration 1 (small cluster count = 10)
	Iteration 2 (small cluster count = 3)
	Iteration 3 (small cluster count = 0)
	 10 mega-cv's generated
	 0 mega-cv's removed
Relative size generator is completed OK (0.004 s)
Apply fa-rules to mega-cv clusters fixes...
OK (0.000 s)
Convert clusters:
	 10 mega-cv's total
Mega-cv count: 10
Time (mega-cv fill): 	0.000 s
Time (mega-cv total): 	0.022 s
-----------------------------------------------------------------------
Mixing plane rotation regions: NO.
Sliding mesh rotation regions: NO.
Fluid/fluid faces: NO.
-----------------------------------------------------------------------
Memory Working Set Current = 202.91 Mb, Memory Working Set Peak = 253.86 Mb
Process Threads Number: 11
-----------------------------------------------------------------------
----------------------------------------------------------
BCF --> BCF.GEOMSUBDOM (bridge arrays):
MESH (0):
	Fluid Subdom Constructor: 1 subdom(s).
	Solid Subdom Constructor: 1 subdom(s).
	Net Asm Subdom Constructor: 0 subdom(s).
	GEOMSUBDOM (0): gi=0 fluid av=56160 cv=56150 fa=163845 fb=0 fw=9843 V=5.936561e+00
	Cache data...OK
	GEOMSUBDOM (1): gi=1 solid av=604 cv=604 fa=1575 fb=0 fw=755 V=1.948314e-02
	Cache data...OK
	Setting nb of w-faces...OK (0.002 s).
	Correcting nb of w-faces...
	Time(correct_fw_nb)=0.002 s

MESH (0) checking:
	GEOMSUBDOM (0):fa_s=366.2580671013172378 fb_s=0.0000000000000000 fw_s=20.7068757910485814 fw_nb=78646
	              :d_const(29095)=3.31947e-13 d_linear(29095)=6.58248e-13
	GEOMSUBDOM (1):fa_s=1.5673598998246643 fb_s=0.0000000000000000 fw_s=0.4655282322046168 fw_nb=5966
	              :d_const(584)=3.78443e-13 d_linear(584)=8.04e-13
MESH (0) checking: OK.
Time (MDS): 	0.105 s
----------------------------------------------------------
-----------------------------------------------------------------------
Memory Working Set Current = 232.52 Mb, Memory Working Set Peak = 253.86 Mb
Process Threads Number: 11
-----------------------------------------------------------------------

-----------------------------------------------------------------------
BCF CHECKSUM DATA (Mesh 0):

BRICK |Level1| Sum:               16
FACE_A Area Sum:   G.Fluid        366.2580671013171241
FACE_A Area Sum:   G.Solid        1.5673598998246643
FACE_W Area Sum:                  20.7068757910485814
FACE_W Nb   Sum:                  78646
FACE_W min curvatures sum:        2527.88377831
FACE_W max curvatures sum:        70440157.17549673
AV Max Disbalance(Const) :        3.78443e-13 (cid=29215, t={60, 36, 32}, avid=56565, pid=246)
AV Max Disbalance(Linear):        8.04e-13 (cid=29215, t={60, 36, 32}, avid=56565, pid=246)
-----------------------------------------------------------------------


-----------------------------------------------------------------------
MESHER TOPOLOGY DATA:

BRICKS: Total                 56369
BRICKS: Max AV number         2
AV:     G.Total               56764
AV:     G.Fluid               56160
AV:     G.Solid               604

AV:     G.Fluid Thin Profile    0.00 % (0)
AV:     G.Solid Thin Profile    0.00 % (0)

AV:     G.Fluid Thin For Mega   0.00 % (0)
AV:     G.Solid Thin For Mega   0.00 % (0)

AV:     G.Fluid Non-Convex      0.42 % (238)
AV:     G.Solid Non-Convex     21.52 % (130)

AV:     G.Fluid Non-Ess-Convex      0.42 % (236)
AV:     G.Solid Non-Ess-Convex      5.79 % (35)

FACE_A: G.Fluid          (af) 163845 (partially opened 797)
FACE_A: G.Solid          (as) 1575 (partially opened 797)

FACE_B: G.Total          (b)  0

FACE_W: G.Total                 9843        Brick/Bound
FACE_W: G.Fluid/Solid    (fs_g) 755         0           
FACE_W: G.Fluid/Fluid    (ff_g) 0           0           
FACE_W: G.Solid/Solid    (ss_g) 0           0           
FACE_W: G.Fluid/External (fe_g) 9088
FACE_W: G.Solid/External (se_g) 0

AV/CV max fa count (on brick side):4
AV/CV max fw count:                4
AV/CV max fb count:                0
AV/CV max fw poly count:           26

MEMORY: Total                   16.261 MB
MEMORY: Per Brick               0.295 KB
-----------------------------------------------------------------------

-----------------------------------------------------------------------
Connectivities information:
	Number of conns: 0
-----------------------------------------------------------------------
	Time (gap size): 	0.051 s
-----------------------------------------------------------------------
Calculating curvature and tolerance criteria...
Curvature: min=0 max=3.14136
Tolerance: min=0 max=0.0170201
Calculating curvature and tolerance criteria takes 0.058 s
-----------------------------------------------------------------------
MESH Build(FS) finished. Time=4.047 s
-----------------------------------------------------------------------
Current CPU = 4 sec

Nx=55
Ny=32
Nz=32
Max BRICK Level=1
Mesh Level=1
-----------------CModelBodies2MeshMapper::CollectData started -------------------------------
-----------------CModelBodies2MeshMapper Report -------------------------------
FluidDomains 1 SolidDomains 1 VoidDomains 0 
Domains RefIndexes
Domain 0, Index count 44
Domain 1, Index count 44
----------------- -------------------------------
	ModelBodies
Total resolved Bodies 0 BodySets 0

--------------------------------------------------------------------------
	Positive geometry Bodies
Total resolved Bodies 1 BodySets 1
BodySet 0
	Bodies list:
			#0	Name: ;	ID: 2460cdab-1bd3-453c-a33f-9ce1c4bb1ab0
	Domains list:		 0 

--------------------------------------------------------------------------
	Fluid regions
Total resolved Bodies 1 BodySets 1
BodySet 0	Material: Air; 
	Bodies list:
			#0	Name: ;	ID: 2460cdab-1bd3-453c-a33f-9ce1c4bb1ab0
	Domains list:		 0 

--------------------------------------------------------------------------
-----------------CModelBodies2MeshMapper::CollectData finished successfully-------------------
Saving initial mesh in: C:\Users\zarec\Documents\HaggisAero2021-22\CAD\Fuselage\1\1.fld .
Storing results...
Estimated CPT size=5.966 MB.
	Time (write bcf): 0.138 s
OK
-----------------------------------------------------------------------
Memory Working Set Current = 233.19 Mb, Memory Working Set Peak = 253.86 Mb
Process Threads Number: 11
-----------------------------------------------------------------------
Cleaning memory...
		Time (free xsl):                    	0.000 s
Free Geometry DB takes 0.000 s
	Time (free bcf): 	0.006 s
		Time (free bcf mesh):               	0.021 s
	Time (free mesher data):              	0.025 s
Copying... OK
Mesh generation normally finished at	2.2.2022	19:7:0
Mesher CPU = 4 sec
Mesher is finished at	2.2.2022	19:7:0
-----------------------------------------------------------------------
Memory Working Set Current = 164.77 Mb, Memory Working Set Peak = 253.86 Mb
Process Threads Number: 11
-----------------------------------------------------------------------
Algebra Pool      : mem_usage = 1.62 Mb, allocated count = 0
Log ended at 02.02.2022	19:07:00
